[0325/135853.135:ERROR:crash_report_database_win.cc(428)] unexpected header
[0325/135939.204:ERROR:crash_report_database_win.cc(428)] unexpected header
[0429/134510.786:ERROR:process_memory_win.cc(73)] ReadMemory at 0x220a0c70000 of 64 bytes failed: Only part of a ReadProcessMemory or WriteProcessMemory request was completed. (0x12B)
[0429/134510.951:WARNING:pe_image_reader.cc(340)] could not read dos header from C:\WINDOWS\System32\shlwapi.dll
[0429/134510.951:ERROR:process_memory_win.cc(73)] ReadMemory at 0x220a0ee3900 of 72 bytes failed: Only part of a ReadProcessMemory or WriteProcessMemory request was completed. (0x12B)
[0429/134510.951:WARNING:pe_image_annotations_reader.cc(134)] could not read annotations list object in C:\Program Files (x86)\Google\Chrome\Application\73.0.3683.103\chrome_elf.dll
[0429/134510.952:ERROR:process_memory_win.cc(73)] ReadMemory at 0x220a11d12f0 of 72 bytes failed: Only part of a ReadProcessMemory or WriteProcessMemory request was completed. (0x12B)
[0429/134510.952:WARNING:pe_image_annotations_reader.cc(134)] could not read annotations list object in C:\Program Files (x86)\Google\Chrome\Application\73.0.3683.103\chrome_child.dll
[0429/134510.952:ERROR:process_memory_win.cc(73)] ReadMemory at 0x220a0e80000 of 64 bytes failed: Only part of a ReadProcessMemory or WriteProcessMemory request was completed. (0x12B)
[0429/134510.952:WARNING:pe_image_reader.cc(340)] could not read dos header from C:\WINDOWS\System32\NSI.dll
[0429/134511.033:ERROR:process_memory_win.cc(73)] ReadMemory at 0x9a79fe5000 of 110592 bytes failed: Only part of a ReadProcessMemory or WriteProcessMemory request was completed. (0x12B)
[0429/134511.033:ERROR:process_memory_win.cc(73)] ReadMemory at 0x9a7a3fe000 of 8192 bytes failed: Only part of a ReadProcessMemory or WriteProcessMemory request was completed. (0x12B)
[0429/134511.033:ERROR:process_memory_win.cc(73)] ReadMemory at 0x9a7a7fe000 of 8192 bytes failed: Only part of a ReadProcessMemory or WriteProcessMemory request was completed. (0x12B)
[0429/134511.033:ERROR:process_memory_win.cc(73)] ReadMemory at 0x9a7a9fe000 of 8192 bytes failed: Only part of a ReadProcessMemory or WriteProcessMemory request was completed. (0x12B)
[0429/134511.033:ERROR:process_memory_win.cc(73)] ReadMemory at 0x9a7abfe000 of 8192 bytes failed: Only part of a ReadProcessMemory or WriteProcessMemory request was completed. (0x12B)
[0429/134511.033:ERROR:process_memory_win.cc(73)] ReadMemory at 0x9a7adfd000 of 12288 bytes failed: Only part of a ReadProcessMemory or WriteProcessMemory request was completed. (0x12B)
[0429/134511.033:ERROR:process_memory_win.cc(73)] ReadMemory at 0x9a7affe000 of 8192 bytes failed: Only part of a ReadProcessMemory or WriteProcessMemory request was completed. (0x12B)
[0429/134511.033:ERROR:process_memory_win.cc(73)] ReadMemory at 0x9a7b1fe000 of 8192 bytes failed: Only part of a ReadProcessMemory or WriteProcessMemory request was completed. (0x12B)
[0429/134511.033:ERROR:process_memory_win.cc(73)] ReadMemory at 0x9a7b3fc000 of 16384 bytes failed: Only part of a ReadProcessMemory or WriteProcessMemory request was completed. (0x12B)
[0429/134511.033:ERROR:process_memory_win.cc(73)] ReadMemory at 0x9a7b5ea000 of 90112 bytes failed: Only part of a ReadProcessMemory or WriteProcessMemory request was completed. (0x12B)
[0429/134511.033:ERROR:process_memory_win.cc(73)] ReadMemory at 0x9a7b7ea000 of 90112 bytes failed: Only part of a ReadProcessMemory or WriteProcessMemory request was completed. (0x12B)
[0429/134511.034:ERROR:process_memory_win.cc(73)] ReadMemory at 0x9a7b9fb000 of 20480 bytes failed: Only part of a ReadProcessMemory or WriteProcessMemory request was completed. (0x12B)
[0429/134511.034:ERROR:process_memory_win.cc(73)] ReadMemory at 0x9a7bff9000 of 28672 bytes failed: Only part of a ReadProcessMemory or WriteProcessMemory request was completed. (0x12B)
[0429/134511.034:ERROR:process_memory_win.cc(73)] ReadMemory at 0x9a7a1fc000 of 16384 bytes failed: Only part of a ReadProcessMemory or WriteProcessMemory request was completed. (0x12B)
[0429/134511.034:ERROR:process_memory_win.cc(73)] ReadMemory at 0x9a7a5fc000 of 16384 bytes failed: Only part of a ReadProcessMemory or WriteProcessMemory request was completed. (0x12B)
[0429/134511.048:ERROR:process_memory_win.cc(73)] ReadMemory at 0x9a7bbfc000 of 16384 bytes failed: Only part of a ReadProcessMemory or WriteProcessMemory request was completed. (0x12B)
[0429/134511.048:ERROR:process_memory_win.cc(73)] ReadMemory at 0x9a7bdff000 of 4096 bytes failed: Only part of a ReadProcessMemory or WriteProcessMemory request was completed. (0x12B)
[0429/134511.048:ERROR:process_memory_win.cc(73)] ReadMemory at 0x9a79c3c000 of 6024 bytes failed: Only part of a ReadProcessMemory or WriteProcessMemory request was completed. (0x12B)
[0429/134511.048:ERROR:process_memory_win.cc(73)] ReadMemory at 0x9a79c42000 of 6024 bytes failed: Only part of a ReadProcessMemory or WriteProcessMemory request was completed. (0x12B)
[0429/134511.048:ERROR:process_memory_win.cc(73)] ReadMemory at 0x9a79c44000 of 6024 bytes failed: Only part of a ReadProcessMemory or WriteProcessMemory request was completed. (0x12B)
[0429/134511.048:ERROR:process_memory_win.cc(73)] ReadMemory at 0x9a79c46000 of 6024 bytes failed: Only part of a ReadProcessMemory or WriteProcessMemory request was completed. (0x12B)
[0429/134511.048:ERROR:process_memory_win.cc(73)] ReadMemory at 0x9a79d66000 of 852 bytes failed: Only part of a ReadProcessMemory or WriteProcessMemory request was completed. (0x12B)
[0429/134511.049:ERROR:process_memory_win.cc(73)] ReadMemory at 0x9a79d67000 of 6024 bytes failed: Only part of a ReadProcessMemory or WriteProcessMemory request was completed. (0x12B)
[0429/134511.049:ERROR:process_memory_win.cc(73)] ReadMemory at 0x9a79d6b000 of 6024 bytes failed: Only part of a ReadProcessMemory or WriteProcessMemory request was completed. (0x12B)
[0429/134511.049:ERROR:process_memory_win.cc(73)] ReadMemory at 0x9a79d6f000 of 6024 bytes failed: Only part of a ReadProcessMemory or WriteProcessMemory request was completed. (0x12B)
[0429/134511.049:ERROR:process_memory_win.cc(73)] ReadMemory at 0x9a79d71000 of 6024 bytes failed: Only part of a ReadProcessMemory or WriteProcessMemory request was completed. (0x12B)
[0429/134511.049:ERROR:process_memory_win.cc(73)] ReadMemory at 0x9a79d73000 of 6024 bytes failed: Only part of a ReadProcessMemory or WriteProcessMemory request was completed. (0x12B)
[0429/134511.049:ERROR:process_memory_win.cc(73)] ReadMemory at 0x9a79d75000 of 6024 bytes failed: Only part of a ReadProcessMemory or WriteProcessMemory request was completed. (0x12B)
[0429/134511.049:ERROR:process_memory_win.cc(73)] ReadMemory at 0x9a79d77000 of 6024 bytes failed: Only part of a ReadProcessMemory or WriteProcessMemory request was completed. (0x12B)
[0429/134511.050:ERROR:process_memory_win.cc(73)] ReadMemory at 0x9a79d79000 of 6024 bytes failed: Only part of a ReadProcessMemory or WriteProcessMemory request was completed. (0x12B)
[0429/134511.050:ERROR:process_memory_win.cc(73)] ReadMemory at 0x9a79d7b000 of 6024 bytes failed: Only part of a ReadProcessMemory or WriteProcessMemory request was completed. (0x12B)
[0429/134511.050:ERROR:process_memory_win.cc(73)] ReadMemory at 0x9a79d7d000 of 6024 bytes failed: Only part of a ReadProcessMemory or WriteProcessMemory request was completed. (0x12B)
[0429/134511.050:ERROR:process_memory_win.cc(73)] ReadMemory at 0x9a79d7f000 of 6024 bytes failed: Only part of a ReadProcessMemory or WriteProcessMemory request was completed. (0x12B)
[0429/134511.050:ERROR:process_memory_win.cc(73)] ReadMemory at 0x9a79d81000 of 6024 bytes failed: Only part of a ReadProcessMemory or WriteProcessMemory request was completed. (0x12B)
[0429/134511.050:ERROR:process_memory_win.cc(73)] ReadMemory at 0x9a79d89000 of 6024 bytes failed: Only part of a ReadProcessMemory or WriteProcessMemory request was completed. (0x12B)
[0429/134511.050:ERROR:process_memory_win.cc(73)] ReadMemory at 0x220a0ce0fc0 of 5420 bytes failed: Only part of a ReadProcessMemory or WriteProcessMemory request was completed. (0x12B)
[0429/134511.051:ERROR:process_memory_win.cc(73)] ReadMemory at 0x220a0ce2500 of 1012 bytes failed: Only part of a ReadProcessMemory or WriteProcessMemory request was completed. (0x12B)
[0429/134511.051:ERROR:process_memory_win.cc(73)] ReadMemory at 0x220a0ce2b18 of 118 bytes failed: Only part of a ReadProcessMemory or WriteProcessMemory request was completed. (0x12B)
[0429/134511.051:ERROR:process_memory_win.cc(73)] ReadMemory at 0x220a0ce2b90 of 1122 bytes failed: Only part of a ReadProcessMemory or WriteProcessMemory request was completed. (0x12B)
[0429/134511.051:ERROR:process_memory_win.cc(73)] ReadMemory at 0x220a0ce2ff4 of 118 bytes failed: Only part of a ReadProcessMemory or WriteProcessMemory request was completed. (0x12B)
[0429/134511.051:ERROR:process_memory_win.cc(73)] ReadMemory at 0x220a0ce306c of 100 bytes failed: Only part of a ReadProcessMemory or WriteProcessMemory request was completed. (0x12B)
[0429/134511.051:ERROR:process_memory_win.cc(73)] ReadMemory at 0x220a0ce30e0 of 58 bytes failed: Only part of a ReadProcessMemory or WriteProcessMemory request was completed. (0x12B)
[0429/134511.051:ERROR:process_memory_win.cc(73)] ReadMemory at 0x220a0ce31e0 of 132 bytes failed: Only part of a ReadProcessMemory or WriteProcessMemory request was completed. (0x12B)
[0429/134511.051:ERROR:process_memory_win.cc(73)] ReadMemory at 0x220a0ce3370 of 132 bytes failed: Only part of a ReadProcessMemory or WriteProcessMemory request was completed. (0x12B)
[0429/134511.051:ERROR:process_memory_win.cc(73)] ReadMemory at 0x220a0ce3530 of 126 bytes failed: Only part of a ReadProcessMemory or WriteProcessMemory request was completed. (0x12B)
[0429/134511.051:ERROR:process_memory_win.cc(73)] ReadMemory at 0x220a0ce3910 of 132 bytes failed: Only part of a ReadProcessMemory or WriteProcessMemory request was completed. (0x12B)
[0429/134511.051:ERROR:process_memory_win.cc(73)] ReadMemory at 0x220a0ce3aa0 of 64 bytes failed: Only part of a ReadProcessMemory or WriteProcessMemory request was completed. (0x12B)
[0429/134511.051:ERROR:process_memory_win.cc(73)] ReadMemory at 0x220a0ce3c00 of 132 bytes failed: Only part of a ReadProcessMemory or WriteProcessMemory request was completed. (0x12B)
[0429/134511.051:ERROR:process_memory_win.cc(73)] ReadMemory at 0x220a0ce3ef0 of 132 bytes failed: Only part of a ReadProcessMemory or WriteProcessMemory request was completed. (0x12B)
[0429/134511.122:ERROR:process_memory_win.cc(73)] ReadMemory at 0x220a0ce4080 of 68 bytes failed: Only part of a ReadProcessMemory or WriteProcessMemory request was completed. (0x12B)
[0429/134511.122:ERROR:process_memory_win.cc(73)] ReadMemory at 0x220a0ce4ef0 of 62 bytes failed: Only part of a ReadProcessMemory or WriteProcessMemory request was completed. (0x12B)
[0429/134511.122:ERROR:process_memory_win.cc(73)] ReadMemory at 0x220a0cea4b0 of 132 bytes failed: Only part of a ReadProcessMemory or WriteProcessMemory request was completed. (0x12B)
[0429/134511.122:ERROR:process_memory_win.cc(73)] ReadMemory at 0x220a0cea6c0 of 132 bytes failed: Only part of a ReadProcessMemory or WriteProcessMemory request was completed. (0x12B)
[0429/134511.122:ERROR:process_memory_win.cc(73)] ReadMemory at 0x220a0cea850 of 62 bytes failed: Only part of a ReadProcessMemory or WriteProcessMemory request was completed. (0x12B)
[0429/134511.122:ERROR:process_memory_win.cc(73)] ReadMemory at 0x220a0cec0b0 of 132 bytes failed: Only part of a ReadProcessMemory or WriteProcessMemory request was completed. (0x12B)
[0429/134511.122:ERROR:process_memory_win.cc(73)] ReadMemory at 0x220a0cec1e0 of 60 bytes failed: Only part of a ReadProcessMemory or WriteProcessMemory request was completed. (0x12B)
[0429/134511.122:ERROR:process_memory_win.cc(73)] ReadMemory at 0x220a0cec430 of 132 bytes failed: Only part of a ReadProcessMemory or WriteProcessMemory request was completed. (0x12B)
[0429/134511.122:ERROR:process_memory_win.cc(73)] ReadMemory at 0x220a0cec5c0 of 64 bytes failed: Only part of a ReadProcessMemory or WriteProcessMemory request was completed. (0x12B)
[0429/134511.122:ERROR:process_memory_win.cc(73)] ReadMemory at 0x220a0cec840 of 132 bytes failed: Only part of a ReadProcessMemory or WriteProcessMemory request was completed. (0x12B)
[0429/134511.122:ERROR:process_memory_win.cc(73)] ReadMemory at 0x220a0cec9d0 of 64 bytes failed: Only part of a ReadProcessMemory or WriteProcessMemory request was completed. (0x12B)
[0429/134511.122:ERROR:process_memory_win.cc(73)] ReadMemory at 0x220a0cecc30 of 132 bytes failed: Only part of a ReadProcessMemory or WriteProcessMemory request was completed. (0x12B)
[0429/134511.122:ERROR:process_memory_win.cc(73)] ReadMemory at 0x220a0cecdc0 of 60 bytes failed: Only part of a ReadProcessMemory or WriteProcessMemory request was completed. (0x12B)
[0429/134511.122:ERROR:process_memory_win.cc(73)] ReadMemory at 0x220a0ced0e0 of 132 bytes failed: Only part of a ReadProcessMemory or WriteProcessMemory request was completed. (0x12B)
[0429/134511.268:ERROR:process_memory_win.cc(73)] ReadMemory at 0x220a0ced270 of 60 bytes failed: Only part of a ReadProcessMemory or WriteProcessMemory request was completed. (0x12B)
[0429/134511.268:ERROR:process_memory_win.cc(73)] ReadMemory at 0x220a0ced4b0 of 132 bytes failed: Only part of a ReadProcessMemory or WriteProcessMemory request was completed. (0x12B)
[0429/134511.276:ERROR:process_memory_win.cc(73)] ReadMemory at 0x220a0ced8d0 of 80 bytes failed: Only part of a ReadProcessMemory or WriteProcessMemory request was completed. (0x12B)
[0429/134511.276:ERROR:process_memory_win.cc(73)] ReadMemory at 0x220a0ced990 of 78 bytes failed: Only part of a ReadProcessMemory or WriteProcessMemory request was completed. (0x12B)
[0429/134511.276:ERROR:process_memory_win.cc(73)] ReadMemory at 0x220a0cedc90 of 76 bytes failed: Only part of a ReadProcessMemory or WriteProcessMemory request was completed. (0x12B)
[0429/134511.312:ERROR:process_memory_win.cc(73)] ReadMemory at 0x220a0cee1f0 of 62 bytes failed: Only part of a ReadProcessMemory or WriteProcessMemory request was completed. (0x12B)
[0429/134511.312:ERROR:process_memory_win.cc(73)] ReadMemory at 0x220a0cee940 of 132 bytes failed: Only part of a ReadProcessMemory or WriteProcessMemory request was completed. (0x12B)
[0429/134511.312:ERROR:process_memory_win.cc(73)] ReadMemory at 0x220a0ceec00 of 132 bytes failed: Only part of a ReadProcessMemory or WriteProcessMemory request was completed. (0x12B)
[0429/134511.336:ERROR:process_memory_win.cc(73)] ReadMemory at 0x220a0cef0e0 of 132 bytes failed: Only part of a ReadProcessMemory or WriteProcessMemory request was completed. (0x12B)
[0429/134511.394:ERROR:process_memory_win.cc(73)] ReadMemory at 0x220a0cef2b0 of 64 bytes failed: Only part of a ReadProcessMemory or WriteProcessMemory request was completed. (0x12B)
[0429/134511.394:ERROR:process_memory_win.cc(73)] ReadMemory at 0x220a0cef3f0 of 62 bytes failed: Only part of a ReadProcessMemory or WriteProcessMemory request was completed. (0x12B)
[0429/134511.394:ERROR:process_memory_win.cc(73)] ReadMemory at 0x220a0cef4e0 of 66 bytes failed: Only part of a ReadProcessMemory or WriteProcessMemory request was completed. (0x12B)
[0429/134511.394:ERROR:process_memory_win.cc(73)] ReadMemory at 0x220a0cef530 of 62 bytes failed: Only part of a ReadProcessMemory or WriteProcessMemory request was completed. (0x12B)
[0429/134511.395:ERROR:process_memory_win.cc(73)] ReadMemory at 0x220a0cef580 of 60 bytes failed: Only part of a ReadProcessMemory or WriteProcessMemory request was completed. (0x12B)
[0429/134511.395:ERROR:process_memory_win.cc(73)] ReadMemory at 0x220a0cef5d0 of 58 bytes failed: Only part of a ReadProcessMemory or WriteProcessMemory request was completed. (0x12B)
[0429/134511.395:ERROR:process_memory_win.cc(73)] ReadMemory at 0x220a0cef620 of 62 bytes failed: Only part of a ReadProcessMemory or WriteProcessMemory request was completed. (0x12B)
[0429/134511.395:ERROR:process_memory_win.cc(73)] ReadMemory at 0x220a0cef670 of 58 bytes failed: Only part of a ReadProcessMemory or WriteProcessMemory request was completed. (0x12B)
[0429/134511.395:ERROR:process_memory_win.cc(73)] ReadMemory at 0x220a0cef710 of 66 bytes failed: Only part of a ReadProcessMemory or WriteProcessMemory request was completed. (0x12B)
[0429/134511.711:ERROR:process_memory_win.cc(73)] ReadMemory at 0x220a0cef760 of 62 bytes failed: Only part of a ReadProcessMemory or WriteProcessMemory request was completed. (0x12B)
[0429/134511.712:ERROR:process_memory_win.cc(73)] ReadMemory at 0x220a0cef7b0 of 62 bytes failed: Only part of a ReadProcessMemory or WriteProcessMemory request was completed. (0x12B)
[0429/134511.712:ERROR:process_memory_win.cc(73)] ReadMemory at 0x220a0cef800 of 64 bytes failed: Only part of a ReadProcessMemory or WriteProcessMemory request was completed. (0x12B)
[0429/134511.712:ERROR:process_memory_win.cc(73)] ReadMemory at 0x220a0cef850 of 60 bytes failed: Only part of a ReadProcessMemory or WriteProcessMemory request was completed. (0x12B)
[0429/134511.712:ERROR:process_memory_win.cc(73)] ReadMemory at 0x220a0cef8f0 of 66 bytes failed: Only part of a ReadProcessMemory or WriteProcessMemory request was completed. (0x12B)
[0429/134511.712:ERROR:process_memory_win.cc(73)] ReadMemory at 0x220a0cef940 of 60 bytes failed: Only part of a ReadProcessMemory or WriteProcessMemory request was completed. (0x12B)
[0429/134511.712:ERROR:process_memory_win.cc(73)] ReadMemory at 0x220a0cf0b40 of 132 bytes failed: Only part of a ReadProcessMemory or WriteProcessMemory request was completed. (0x12B)
[0429/134511.712:ERROR:process_memory_win.cc(73)] ReadMemory at 0x220a0cf0c70 of 158 bytes failed: Only part of a ReadProcessMemory or WriteProcessMemory request was completed. (0x12B)
[0429/134511.712:ERROR:process_memory_win.cc(73)] ReadMemory at 0x220a0cf0d90 of 132 bytes failed: Only part of a ReadProcessMemory or WriteProcessMemory request was completed. (0x12B)
[0429/134511.713:ERROR:process_memory_win.cc(73)] ReadMemory at 0x220a0cf0ec0 of 132 bytes failed: Only part of a ReadProcessMemory or WriteProcessMemory request was completed. (0x12B)
[0429/134511.713:ERROR:process_memory_win.cc(73)] ReadMemory at 0x220a0cf0ff0 of 132 bytes failed: Only part of a ReadProcessMemory or WriteProcessMemory request was completed. (0x12B)
[0429/134511.713:ERROR:process_memory_win.cc(73)] ReadMemory at 0x220a0cf1120 of 132 bytes failed: Only part of a ReadProcessMemory or WriteProcessMemory request was completed. (0x12B)
[0429/134511.781:ERROR:process_memory_win.cc(73)] ReadMemory at 0x220a0cf1250 of 132 bytes failed: Only part of a ReadProcessMemory or WriteProcessMemory request was completed. (0x12B)
[0429/134511.781:ERROR:process_memory_win.cc(73)] ReadMemory at 0x220a0cf1380 of 132 bytes failed: Only part of a ReadProcessMemory or WriteProcessMemory request was completed. (0x12B)
[0429/134511.782:ERROR:process_memory_win.cc(73)] ReadMemory at 0x220a0cf14b0 of 132 bytes failed: Only part of a ReadProcessMemory or WriteProcessMemory request was completed. (0x12B)
[0429/134511.782:ERROR:process_memory_win.cc(73)] ReadMemory at 0x220a0cf15e0 of 132 bytes failed: Only part of a ReadProcessMemory or WriteProcessMemory request was completed. (0x12B)
[0429/134511.782:ERROR:process_memory_win.cc(73)] ReadMemory at 0x220a0cf1710 of 132 bytes failed: Only part of a ReadProcessMemory or WriteProcessMemory request was completed. (0x12B)
[0429/134511.782:ERROR:process_memory_win.cc(73)] ReadMemory at 0x220a0cf1840 of 132 bytes failed: Only part of a ReadProcessMemory or WriteProcessMemory request was completed. (0x12B)
[0429/134511.782:ERROR:process_memory_win.cc(73)] ReadMemory at 0x220a0cf1970 of 132 bytes failed: Only part of a ReadProcessMemory or WriteProcessMemory request was completed. (0x12B)
[0429/134511.782:ERROR:process_memory_win.cc(73)] ReadMemory at 0x220a0cf1aa0 of 132 bytes failed: Only part of a ReadProcessMemory or WriteProcessMemory request was completed. (0x12B)
[0429/134511.783:ERROR:process_memory_win.cc(73)] ReadMemory at 0x220a0cf1bd0 of 132 bytes failed: Only part of a ReadProcessMemory or WriteProcessMemory request was completed. (0x12B)
[0429/134511.783:ERROR:process_memory_win.cc(73)] ReadMemory at 0x220a0cf46c0 of 154 bytes failed: Only part of a ReadProcessMemory or WriteProcessMemory request was completed. (0x12B)
[0429/134511.783:ERROR:process_memory_win.cc(73)] ReadMemory at 0x220a0cf5fd0 of 132 bytes failed: Only part of a ReadProcessMemory or WriteProcessMemory request was completed. (0x12B)
[0429/134511.783:ERROR:process_memory_win.cc(73)] ReadMemory at 0x220a0cf6100 of 132 bytes failed: Only part of a ReadProcessMemory or WriteProcessMemory request was completed. (0x12B)
[0429/134511.807:ERROR:process_memory_win.cc(73)] ReadMemory at 0x220a0cf6230 of 132 bytes failed: Only part of a ReadProcessMemory or WriteProcessMemory request was completed. (0x12B)
[0429/134511.807:ERROR:process_memory_win.cc(73)] ReadMemory at 0x220a0cf6490 of 132 bytes failed: Only part of a ReadProcessMemory or WriteProcessMemory request was completed. (0x12B)
[0429/134511.807:ERROR:process_memory_win.cc(73)] ReadMemory at 0x220a0cf65c0 of 132 bytes failed: Only part of a ReadProcessMemory or WriteProcessMemory request was completed. (0x12B)
[0429/134511.807:ERROR:process_memory_win.cc(73)] ReadMemory at 0x220a0cf66f0 of 132 bytes failed: Only part of a ReadProcessMemory or WriteProcessMemory request was completed. (0x12B)
[0429/134511.807:ERROR:process_memory_win.cc(73)] ReadMemory at 0x220a0cf6820 of 132 bytes failed: Only part of a ReadProcessMemory or WriteProcessMemory request was completed. (0x12B)
[0429/134511.808:ERROR:process_memory_win.cc(73)] ReadMemory at 0x220a0cf6950 of 132 bytes failed: Only part of a ReadProcessMemory or WriteProcessMemory request was completed. (0x12B)
[0429/134511.808:ERROR:process_memory_win.cc(73)] ReadMemory at 0x220a0cf6a80 of 132 bytes failed: Only part of a ReadProcessMemory or WriteProcessMemory request was completed. (0x12B)
[0429/134511.808:ERROR:process_memory_win.cc(73)] ReadMemory at 0x220a0cf6ce0 of 132 bytes failed: Only part of a ReadProcessMemory or WriteProcessMemory request was completed. (0x12B)
[0429/134511.808:ERROR:process_memory_win.cc(73)] ReadMemory at 0x220a0cf6e10 of 132 bytes failed: Only part of a ReadProcessMemory or WriteProcessMemory request was completed. (0x12B)
[0429/134511.808:ERROR:process_memory_win.cc(73)] ReadMemory at 0x220a0cf6f40 of 132 bytes failed: Only part of a ReadProcessMemory or WriteProcessMemory request was completed. (0x12B)
[0429/134511.809:ERROR:process_memory_win.cc(73)] ReadMemory at 0x220a0cf7070 of 132 bytes failed: Only part of a ReadProcessMemory or WriteProcessMemory request was completed. (0x12B)
[0429/134511.809:ERROR:process_memory_win.cc(73)] ReadMemory at 0x220a0cf71a0 of 132 bytes failed: Only part of a ReadProcessMemory or WriteProcessMemory request was completed. (0x12B)
[0429/134511.809:ERROR:process_memory_win.cc(73)] ReadMemory at 0x220a0cf72d0 of 132 bytes failed: Only part of a ReadProcessMemory or WriteProcessMemory request was completed. (0x12B)
[0429/134511.809:ERROR:process_memory_win.cc(73)] ReadMemory at 0x220a0cf7400 of 132 bytes failed: Only part of a ReadProcessMemory or WriteProcessMemory request was completed. (0x12B)
[0429/134511.809:ERROR:process_memory_win.cc(73)] ReadMemory at 0x220a0cf7530 of 132 bytes failed: Only part of a ReadProcessMemory or WriteProcessMemory request was completed. (0x12B)
[0429/134511.845:ERROR:process_memory_win.cc(73)] ReadMemory at 0x220a0cf7660 of 132 bytes failed: Only part of a ReadProcessMemory or WriteProcessMemory request was completed. (0x12B)
[0429/134511.845:ERROR:process_memory_win.cc(73)] ReadMemory at 0x220a0cf7790 of 132 bytes failed: Only part of a ReadProcessMemory or WriteProcessMemory request was completed. (0x12B)
[0429/134511.845:ERROR:process_memory_win.cc(73)] ReadMemory at 0x220a0cf78c0 of 132 bytes failed: Only part of a ReadProcessMemory or WriteProcessMemory request was completed. (0x12B)
[0429/134511.845:ERROR:process_memory_win.cc(73)] ReadMemory at 0x220a0cf79f0 of 132 bytes failed: Only part of a ReadProcessMemory or WriteProcessMemory request was completed. (0x12B)
[0429/134511.845:ERROR:process_memory_win.cc(73)] ReadMemory at 0x220a0cf7b20 of 132 bytes failed: Only part of a ReadProcessMemory or WriteProcessMemory request was completed. (0x12B)
[0429/134511.845:ERROR:process_memory_win.cc(73)] ReadMemory at 0x220a0cf7c50 of 132 bytes failed: Only part of a ReadProcessMemory or WriteProcessMemory request was completed. (0x12B)
[0429/134511.846:ERROR:process_memory_win.cc(73)] ReadMemory at 0x220a0cf7d80 of 132 bytes failed: Only part of a ReadProcessMemory or WriteProcessMemory request was completed. (0x12B)
[0429/134511.846:ERROR:process_memory_win.cc(73)] ReadMemory at 0x220a0cf9020 of 64 bytes failed: Only part of a ReadProcessMemory or WriteProcessMemory request was completed. (0x12B)
[0429/134511.846:ERROR:process_memory_win.cc(73)] ReadMemory at 0x220a0cf91b0 of 66 bytes failed: Only part of a ReadProcessMemory or WriteProcessMemory request was completed. (0x12B)
[0429/134511.846:ERROR:process_memory_win.cc(73)] ReadMemory at 0x220a0cf93e0 of 58 bytes failed: Only part of a ReadProcessMemory or WriteProcessMemory request was completed. (0x12B)
[0429/134511.846:ERROR:process_memory_win.cc(73)] ReadMemory at 0x220a0cf9610 of 64 bytes failed: Only part of a ReadProcessMemory or WriteProcessMemory request was completed. (0x12B)
[0429/134511.846:ERROR:process_memory_win.cc(73)] ReadMemory at 0x220a0cf9750 of 62 bytes failed: Only part of a ReadProcessMemory or WriteProcessMemory request was completed. (0x12B)
[0429/134511.847:ERROR:process_memory_win.cc(73)] ReadMemory at 0x220a0cf97a0 of 64 bytes failed: Only part of a ReadProcessMemory or WriteProcessMemory request was completed. (0x12B)
[0429/134511.847:ERROR:process_memory_win.cc(73)] ReadMemory at 0x220a0cf97f0 of 64 bytes failed: Only part of a ReadProcessMemory or WriteProcessMemory request was completed. (0x12B)
[0429/134511.847:ERROR:process_memory_win.cc(73)] ReadMemory at 0x220a0cf9d90 of 60 bytes failed: Only part of a ReadProcessMemory or WriteProcessMemory request was completed. (0x12B)
[0429/134511.847:ERROR:process_memory_win.cc(73)] ReadMemory at 0x220a0cf9de0 of 60 bytes failed: Only part of a ReadProcessMemory or WriteProcessMemory request was completed. (0x12B)
[0429/134511.847:ERROR:process_memory_win.cc(73)] ReadMemory at 0x220a0cf9e30 of 60 bytes failed: Only part of a ReadProcessMemory or WriteProcessMemory request was completed. (0x12B)
[0429/134511.847:ERROR:process_memory_win.cc(73)] ReadMemory at 0x220a0cf9ed0 of 58 bytes failed: Only part of a ReadProcessMemory or WriteProcessMemory request was completed. (0x12B)
[0429/134511.847:ERROR:process_memory_win.cc(73)] ReadMemory at 0x220a0d00070 of 54 bytes failed: Only part of a ReadProcessMemory or WriteProcessMemory request was completed. (0x12B)
[0429/134511.848:ERROR:process_memory_win.cc(73)] ReadMemory at 0x220a0d06660 of 246 bytes failed: Only part of a ReadProcessMemory or WriteProcessMemory request was completed. (0x12B)
[0429/134511.848:ERROR:process_memory_win.cc(73)] ReadMemory at 0x220a0d075d0 of 62 bytes failed: Only part of a ReadProcessMemory or WriteProcessMemory request was completed. (0x12B)
[0429/134511.848:ERROR:process_memory_win.cc(73)] ReadMemory at 0x220a0d07620 of 60 bytes failed: Only part of a ReadProcessMemory or WriteProcessMemory request was completed. (0x12B)
[0429/134511.848:ERROR:process_memory_win.cc(73)] ReadMemory at 0x220a0d07760 of 64 bytes failed: Only part of a ReadProcessMemory or WriteProcessMemory request was completed. (0x12B)
[0429/134511.849:ERROR:process_memory_win.cc(73)] ReadMemory at 0x220a0d07850 of 56 bytes failed: Only part of a ReadProcessMemory or WriteProcessMemory request was completed. (0x12B)
[0429/134511.849:ERROR:process_memory_win.cc(73)] ReadMemory at 0x220a0d07990 of 64 bytes failed: Only part of a ReadProcessMemory or WriteProcessMemory request was completed. (0x12B)
[0429/134511.849:ERROR:process_memory_win.cc(73)] ReadMemory at 0x220a0d07b20 of 60 bytes failed: Only part of a ReadProcessMemory or WriteProcessMemory request was completed. (0x12B)
[0429/134511.849:ERROR:process_memory_win.cc(73)] ReadMemory at 0x220a0d07b70 of 62 bytes failed: Only part of a ReadProcessMemory or WriteProcessMemory request was completed. (0x12B)
[0429/134511.849:ERROR:process_memory_win.cc(73)] ReadMemory at 0x220a0d07ee0 of 62 bytes failed: Only part of a ReadProcessMemory or WriteProcessMemory request was completed. (0x12B)
[0429/134511.849:ERROR:process_memory_win.cc(73)] ReadMemory at 0x220a0d07f30 of 60 bytes failed: Only part of a ReadProcessMemory or WriteProcessMemory request was completed. (0x12B)
[0429/134511.850:ERROR:process_memory_win.cc(73)] ReadMemory at 0x220a0d07fd0 of 62 bytes failed: Only part of a ReadProcessMemory or WriteProcessMemory request was completed. (0x12B)
[0429/134511.965:ERROR:process_memory_win.cc(73)] ReadMemory at 0x220a0d080c0 of 64 bytes failed: Only part of a ReadProcessMemory or WriteProcessMemory request was completed. (0x12B)
[0429/134511.965:ERROR:process_memory_win.cc(73)] ReadMemory at 0x220a0d082a0 of 58 bytes failed: Only part of a ReadProcessMemory or WriteProcessMemory request was completed. (0x12B)
[0429/134511.965:ERROR:process_memory_win.cc(73)] ReadMemory at 0x220a0d08390 of 62 bytes failed: Only part of a ReadProcessMemory or WriteProcessMemory request was completed. (0x12B)
[0429/134511.965:ERROR:process_memory_win.cc(73)] ReadMemory at 0x220a0d08fa0 of 132 bytes failed: Only part of a ReadProcessMemory or WriteProcessMemory request was completed. (0x12B)
[0429/134511.965:ERROR:process_memory_win.cc(73)] ReadMemory at 0x220a0d097f0 of 132 bytes failed: Only part of a ReadProcessMemory or WriteProcessMemory request was completed. (0x12B)
[0429/134511.965:ERROR:process_memory_win.cc(73)] ReadMemory at 0x220a0d09b80 of 132 bytes failed: Only part of a ReadProcessMemory or WriteProcessMemory request was completed. (0x12B)
[0429/134511.965:ERROR:process_memory_win.cc(73)] ReadMemory at 0x220a0d09cb0 of 132 bytes failed: Only part of a ReadProcessMemory or WriteProcessMemory request was completed. (0x12B)
[0429/134511.966:ERROR:process_memory_win.cc(73)] ReadMemory at 0x220a0d0ae20 of 512 bytes failed: Only part of a ReadProcessMemory or WriteProcessMemory request was completed. (0x12B)
[0429/134511.966:ERROR:process_memory_win.cc(73)] ReadMemory at 0x220a0d1a8d0 of 512 bytes failed: Only part of a ReadProcessMemory or WriteProcessMemory request was completed. (0x12B)
[0429/134511.966:ERROR:process_memory_win.cc(73)] ReadMemory at 0x220a0ec5ec0 of 512 bytes failed: Only part of a ReadProcessMemory or WriteProcessMemory request was completed. (0x12B)
[0429/134511.966:ERROR:process_memory_win.cc(73)] ReadMemory at 0x220a11eb940 of 512 bytes failed: Only part of a ReadProcessMemory or WriteProcessMemory request was completed. (0x12B)
[0429/134511.966:ERROR:process_memory_win.cc(73)] ReadMemory at 0x220a1205120 of 512 bytes failed: Only part of a ReadProcessMemory or WriteProcessMemory request was completed. (0x12B)
[0429/134511.966:ERROR:process_memory_win.cc(73)] ReadMemory at 0x220a1206420 of 896 bytes failed: Only part of a ReadProcessMemory or WriteProcessMemory request was completed. (0x12B)
[0429/134511.966:ERROR:process_memory_win.cc(73)] ReadMemory at 0x220a120ec60 of 512 bytes failed: Only part of a ReadProcessMemory or WriteProcessMemory request was completed. (0x12B)
[0429/134511.967:ERROR:process_memory_win.cc(73)] ReadMemory at 0x220a1215470 of 512 bytes failed: Only part of a ReadProcessMemory or WriteProcessMemory request was completed. (0x12B)
[0429/134511.967:ERROR:process_memory_win.cc(73)] ReadMemory at 0x220a1219810 of 696 bytes failed: Only part of a ReadProcessMemory or WriteProcessMemory request was completed. (0x12B)
[0429/134511.967:ERROR:process_memory_win.cc(73)] ReadMemory at 0x220a121c1e0 of 512 bytes failed: Only part of a ReadProcessMemory or WriteProcessMemory request was completed. (0x12B)
[0429/134511.967:ERROR:process_memory_win.cc(73)] ReadMemory at 0x220a1283b00 of 512 bytes failed: Only part of a ReadProcessMemory or WriteProcessMemory request was completed. (0x12B)
[0429/134511.967:ERROR:process_memory_win.cc(73)] ReadMemory at 0x220a12b2c00 of 512 bytes failed: Only part of a ReadProcessMemory or WriteProcessMemory request was completed. (0x12B)
[0429/134511.993:ERROR:process_memory_win.cc(73)] ReadMemory at 0x220a2fdb120 of 512 bytes failed: Only part of a ReadProcessMemory or WriteProcessMemory request was completed. (0x12B)
[0429/134511.993:ERROR:process_memory_win.cc(73)] ReadMemory at 0x220a2ff21f0 of 512 bytes failed: Only part of a ReadProcessMemory or WriteProcessMemory request was completed. (0x12B)
[0429/134511.993:ERROR:process_memory_win.cc(73)] ReadMemory at 0x220a2ff2e20 of 512 bytes failed: Only part of a ReadProcessMemory or WriteProcessMemory request was completed. (0x12B)
[0429/134511.993:ERROR:process_memory_win.cc(73)] ReadMemory at 0x220a3196560 of 512 bytes failed: Only part of a ReadProcessMemory or WriteProcessMemory request was completed. (0x12B)
[0429/134511.993:ERROR:process_memory_win.cc(73)] ReadMemory at 0x220a31979c0 of 512 bytes failed: Only part of a ReadProcessMemory or WriteProcessMemory request was completed. (0x12B)
[0429/134511.993:ERROR:process_memory_win.cc(73)] ReadMemory at 0x220a40b16d0 of 512 bytes failed: Only part of a ReadProcessMemory or WriteProcessMemory request was completed. (0x12B)
[0429/134511.993:ERROR:process_memory_win.cc(73)] ReadMemory at 0x220a42bbb90 of 512 bytes failed: Only part of a ReadProcessMemory or WriteProcessMemory request was completed. (0x12B)
[0429/134511.994:ERROR:process_memory_win.cc(73)] ReadMemory at 0x220a58fcd00 of 512 bytes failed: Only part of a ReadProcessMemory or WriteProcessMemory request was completed. (0x12B)
[0429/134511.994:ERROR:process_memory_win.cc(73)] ReadMemory at 0x220a59e8c90 of 512 bytes failed: Only part of a ReadProcessMemory or WriteProcessMemory request was completed. (0x12B)
[0429/134511.994:ERROR:process_memory_win.cc(73)] ReadMemory at 0x220a5a94520 of 512 bytes failed: Only part of a ReadProcessMemory or WriteProcessMemory request was completed. (0x12B)
[0429/134511.994:ERROR:process_memory_win.cc(73)] ReadMemory at 0x220a5fefb60 of 512 bytes failed: Only part of a ReadProcessMemory or WriteProcessMemory request was completed. (0x12B)
[0429/134511.994:ERROR:process_memory_win.cc(73)] ReadMemory at 0x220a603f400 of 512 bytes failed: Only part of a ReadProcessMemory or WriteProcessMemory request was completed. (0x12B)
[0429/134511.994:ERROR:process_memory_win.cc(73)] ReadMemory at 0x220a6e566c0 of 512 bytes failed: Only part of a ReadProcessMemory or WriteProcessMemory request was completed. (0x12B)
[0429/134511.994:ERROR:process_memory_win.cc(73)] ReadMemory at 0x220a910e068 of 512 bytes failed: Only part of a ReadProcessMemory or WriteProcessMemory request was completed. (0x12B)
[0429/134512.075:ERROR:scoped_process_suspend.cc(40)] NtResumeProcess: An attempt was made to access an exiting process. (0xc000010a)
